2025-05-17 23:04:34,744 - DataLoader - INFO - Inicializado DataLoader con directorio base: data
2025-05-17 23:04:34,744 - DataLoader - INFO - Rutas configuradas:
2025-05-17 23:04:34,744 - DataLoader - INFO - - Players: data\players.csv
2025-05-17 23:04:34,744 - DataLoader - INFO - - Height: data\height.csv
2025-05-17 23:04:34,744 - DataLoader - INFO - - Teams: data\teams.csv
2025-05-17 23:04:34,746 - DataLoader - INFO - Iniciando procesamiento de datos
2025-05-17 23:04:34,746 - DataLoader - INFO - Iniciando carga y procesamiento de todos los datos
2025-05-17 23:04:34,746 - FeatureEngineering - INFO - Iniciando proceso de ingeniería de características
2025-05-17 23:04:34,747 - DataLoader - INFO - Cargando y preprocesando datos usando NBADataLoader
2025-05-17 23:04:35,547 - DataLoader - INFO - Datos ordenados por equipo y fecha
2025-05-17 23:04:35,548 - DataLoader - INFO - Datos cargados exitosamente. Shape: (5214, 36)
2025-05-17 23:04:35,559 - TeamsFeatures - INFO - Inicializado sistema de características con 5214 registros y ventanas [3, 5, 10, 20]
2025-05-17 23:04:35,560 - DataLoader - INFO - Iniciando generación de características avanzadas
2025-05-17 23:04:35,560 - FeatureEngineering - INFO - Generando características para 5214 registros
2025-05-17 23:04:35,561 - TeamsFeatures - INFO - Iniciando proceso de generación de características
2025-05-17 23:04:35,561 - TeamsFeatures - INFO - Iniciando preprocesamiento de datos
2025-05-17 23:04:35,564 - TeamsFeatures - INFO - Verificando duplicados por equipo y fecha
2025-05-17 23:04:35,574 - TeamsFeatures - INFO - Creando características diferenciales
2025-05-17 23:04:35,581 - TeamsFeatures - INFO - Preprocesamiento completado
2025-05-17 23:04:35,582 - TeamsFeatures - DEBUG - Preprocesamiento completado
2025-05-17 23:04:35,582 - TeamsFeatures - INFO - Creando características temporales
2025-05-17 23:04:40,096 - TeamsFeatures - INFO - Características temporales creadas
2025-05-17 23:04:40,097 - TeamsFeatures - DEBUG - Características temporales creadas
2025-05-17 23:04:40,098 - TeamsFeatures - INFO - Creando características avanzadas de eficiencia
2025-05-17 23:04:40,106 - TeamsFeatures - INFO - net_rating calculado correctamente
2025-05-17 23:04:40,110 - TeamsFeatures - INFO - pace calculado correctamente
2025-05-17 23:04:40,119 - TeamsFeatures - INFO - Métricas de eficiencia básicas calculadas correctamente
2025-05-17 23:04:40,119 - TeamsFeatures - INFO - Características avanzadas de eficiencia creadas correctamente
2025-05-17 23:04:40,120 - TeamsFeatures - DEBUG - Características de eficiencia creadas
2025-05-17 23:04:40,125 - TeamsFeatures - DEBUG - Creando win_probability de forma robusta
2025-05-17 23:04:40,125 - TeamsFeatures - DEBUG - Calculando win_probability a partir de net_rating
2025-05-17 23:04:40,163 - TeamsFeatures - DEBUG - win_probability creada correctamente
2025-05-17 23:04:40,164 - TeamsFeatures - INFO - Creando características de ventana móvil con ventanas: [3, 5, 10, 20]
2025-05-17 23:04:40,164 - TeamsFeatures - DEBUG - Columnas base para características rolling: 27
2025-05-17 23:05:00,008 - TeamsFeatures - INFO - Creadas nuevas características de ventana móvil
2025-05-17 23:05:00,020 - TeamsFeatures - DEBUG - Características rolling creadas
2025-05-17 23:05:00,035 - TeamsFeatures - INFO - Creando características de momentum
2025-05-17 23:05:01,503 - TeamsFeatures - INFO - Características de momentum creadas
2025-05-17 23:05:01,513 - TeamsFeatures - DEBUG - Características de momentum creadas
2025-05-17 23:05:01,525 - TeamsFeatures - INFO - Creando características avanzadas de enfrentamientos
2025-05-17 23:05:56,917 - TeamsFeatures - INFO - Características avanzadas de enfrentamientos creadas
2025-05-17 23:05:56,926 - TeamsFeatures - DEBUG - Características de matchup creadas
2025-05-17 23:05:56,988 - TeamsFeatures - INFO - Creando características situacionales
2025-05-17 23:05:57,122 - TeamsFeatures - DEBUG - Características day_0 calculadas correctamente
2025-05-17 23:05:57,250 - TeamsFeatures - DEBUG - Características day_1 calculadas correctamente
2025-05-17 23:05:57,377 - TeamsFeatures - DEBUG - Características day_2 calculadas correctamente
2025-05-17 23:05:57,518 - TeamsFeatures - DEBUG - Características day_3 calculadas correctamente
2025-05-17 23:05:57,632 - TeamsFeatures - DEBUG - Características day_4 calculadas correctamente
2025-05-17 23:05:57,759 - TeamsFeatures - DEBUG - Características day_5 calculadas correctamente
2025-05-17 23:05:57,892 - TeamsFeatures - DEBUG - Características day_6 calculadas correctamente
2025-05-17 23:05:58,012 - TeamsFeatures - DEBUG - Características month_1 calculadas correctamente
2025-05-17 23:05:58,114 - TeamsFeatures - DEBUG - Características month_2 calculadas correctamente
2025-05-17 23:05:58,223 - TeamsFeatures - DEBUG - Características month_3 calculadas correctamente
2025-05-17 23:05:58,324 - TeamsFeatures - DEBUG - Características month_4 calculadas correctamente
2025-05-17 23:05:58,400 - TeamsFeatures - DEBUG - Características month_5 calculadas correctamente
2025-05-17 23:05:58,452 - TeamsFeatures - DEBUG - Características month_6 calculadas correctamente
2025-05-17 23:05:58,455 - TeamsFeatures - DEBUG - Características month_7 calculadas correctamente
2025-05-17 23:05:58,461 - TeamsFeatures - DEBUG - Características month_8 calculadas correctamente
2025-05-17 23:05:58,464 - TeamsFeatures - DEBUG - Características month_9 calculadas correctamente
2025-05-17 23:05:58,583 - TeamsFeatures - DEBUG - Características month_10 calculadas correctamente
2025-05-17 23:05:58,713 - TeamsFeatures - DEBUG - Características month_11 calculadas correctamente
2025-05-17 23:05:58,830 - TeamsFeatures - DEBUG - Características month_12 calculadas correctamente
2025-05-17 23:05:58,933 - TeamsFeatures - DEBUG - Características rest_0 calculadas correctamente
2025-05-17 23:05:59,059 - TeamsFeatures - DEBUG - Características rest_1 calculadas correctamente
2025-05-17 23:05:59,232 - TeamsFeatures - DEBUG - Características rest_2 calculadas correctamente
2025-05-17 23:05:59,372 - TeamsFeatures - DEBUG - Características rest_3 calculadas correctamente
2025-05-17 23:05:59,611 - TeamsFeatures - DEBUG - Características overtime calculadas correctamente
2025-05-17 23:05:59,611 - TeamsFeatures - INFO - Características situacionales creadas
2025-05-17 23:05:59,612 - TeamsFeatures - DEBUG - Características situacionales creadas
2025-05-17 23:05:59,681 - TeamsFeatures - INFO - Creando características avanzadas de diferenciales
2025-05-17 23:05:59,682 - TeamsFeatures - INFO - Creando características diferenciales
2025-05-17 23:05:59,699 - TeamsFeatures - INFO - Características avanzadas de diferenciales creadas
2025-05-17 23:05:59,699 - TeamsFeatures - DEBUG - Características diferenciales creadas
2025-05-17 23:05:59,761 - TeamsFeatures - INFO - Creando características específicas para predicción de victoria
2025-05-17 23:11:01,094 - TeamsFeatures - INFO - Características de predicción de victoria creadas
2025-05-17 23:11:01,231 - TeamsFeatures - DEBUG - Características de predicción de victoria creadas
2025-05-17 23:11:01,261 - TeamsFeatures - INFO - Creando características específicas para predicción de puntos totales
2025-05-17 23:11:02,059 - TeamsFeatures - DEBUG - Calculados volatilidad y tendencia para ventana 3
2025-05-17 23:11:02,556 - TeamsFeatures - DEBUG - Calculados volatilidad y tendencia para ventana 5
2025-05-17 23:11:02,860 - TeamsFeatures - DEBUG - Calculados volatilidad y tendencia para ventana 10
2025-05-17 23:11:03,194 - TeamsFeatures - DEBUG - Calculados volatilidad y tendencia para ventana 20
2025-05-17 23:11:03,323 - TeamsFeatures - INFO - Características de predicción de puntos totales creadas
2025-05-17 23:11:03,324 - TeamsFeatures - DEBUG - Características de puntos totales creadas
2025-05-17 23:11:03,427 - TeamsFeatures - INFO - Creando características específicas para predicción de puntos por equipo
2025-05-17 23:11:03,478 - TeamsFeatures - DEBUG - Calculado adj_offensive_rating para equipo ATL
2025-05-17 23:11:03,742 - TeamsFeatures - DEBUG - Calculadas características de matchup para equipo ATL
2025-05-17 23:11:03,760 - TeamsFeatures - DEBUG - Calculado adj_offensive_rating para equipo DET
2025-05-17 23:11:03,996 - TeamsFeatures - DEBUG - Calculadas características de matchup para equipo DET
2025-05-17 23:11:04,012 - TeamsFeatures - DEBUG - Calculado adj_offensive_rating para equipo LAC
2025-05-17 23:11:04,238 - TeamsFeatures - DEBUG - Calculadas características de matchup para equipo LAC
2025-05-17 23:11:04,256 - TeamsFeatures - DEBUG - Calculado adj_offensive_rating para equipo DEN
2025-05-17 23:11:04,512 - TeamsFeatures - DEBUG - Calculadas características de matchup para equipo DEN
2025-05-17 23:11:04,528 - TeamsFeatures - DEBUG - Calculado adj_offensive_rating para equipo CLE
2025-05-17 23:11:04,775 - TeamsFeatures - DEBUG - Calculadas características de matchup para equipo CLE
2025-05-17 23:11:04,791 - TeamsFeatures - DEBUG - Calculado adj_offensive_rating para equipo TOR
2025-05-17 23:11:05,028 - TeamsFeatures - DEBUG - Calculadas características de matchup para equipo TOR
2025-05-17 23:11:05,043 - TeamsFeatures - DEBUG - Calculado adj_offensive_rating para equipo BRK
2025-05-17 23:11:05,284 - TeamsFeatures - DEBUG - Calculadas características de matchup para equipo BRK
2025-05-17 23:11:05,301 - TeamsFeatures - DEBUG - Calculado adj_offensive_rating para equipo SAS
2025-05-17 23:11:05,540 - TeamsFeatures - DEBUG - Calculadas características de matchup para equipo SAS
2025-05-17 23:11:05,553 - TeamsFeatures - DEBUG - Calculado adj_offensive_rating para equipo MIA
2025-05-17 23:11:05,795 - TeamsFeatures - DEBUG - Calculadas características de matchup para equipo MIA
2025-05-17 23:11:05,810 - TeamsFeatures - DEBUG - Calculado adj_offensive_rating para equipo PHO
2025-05-17 23:11:06,038 - TeamsFeatures - DEBUG - Calculadas características de matchup para equipo PHO
2025-05-17 23:11:06,059 - TeamsFeatures - DEBUG - Calculado adj_offensive_rating para equipo MEM
2025-05-17 23:11:06,344 - TeamsFeatures - DEBUG - Calculadas características de matchup para equipo MEM
2025-05-17 23:11:06,361 - TeamsFeatures - DEBUG - Calculado adj_offensive_rating para equipo PHI
2025-05-17 23:11:06,605 - TeamsFeatures - DEBUG - Calculadas características de matchup para equipo PHI
2025-05-17 23:11:06,621 - TeamsFeatures - DEBUG - Calculado adj_offensive_rating para equipo CHI
2025-05-17 23:11:06,861 - TeamsFeatures - DEBUG - Calculadas características de matchup para equipo CHI
2025-05-17 23:11:06,876 - TeamsFeatures - DEBUG - Calculado adj_offensive_rating para equipo MIN
2025-05-17 23:11:07,120 - TeamsFeatures - DEBUG - Calculadas características de matchup para equipo MIN
2025-05-17 23:11:07,137 - TeamsFeatures - DEBUG - Calculado adj_offensive_rating para equipo BOS
2025-05-17 23:11:07,386 - TeamsFeatures - DEBUG - Calculadas características de matchup para equipo BOS
2025-05-17 23:11:07,400 - TeamsFeatures - DEBUG - Calculado adj_offensive_rating para equipo UTA
2025-05-17 23:11:07,650 - TeamsFeatures - DEBUG - Calculadas características de matchup para equipo UTA
2025-05-17 23:11:07,666 - TeamsFeatures - DEBUG - Calculado adj_offensive_rating para equipo LAL
2025-05-17 23:11:07,899 - TeamsFeatures - DEBUG - Calculadas características de matchup para equipo LAL
2025-05-17 23:11:07,918 - TeamsFeatures - DEBUG - Calculado adj_offensive_rating para equipo POR
2025-05-17 23:11:08,169 - TeamsFeatures - DEBUG - Calculadas características de matchup para equipo POR
2025-05-17 23:11:08,184 - TeamsFeatures - DEBUG - Calculado adj_offensive_rating para equipo DAL
2025-05-17 23:11:08,432 - TeamsFeatures - DEBUG - Calculadas características de matchup para equipo DAL
2025-05-17 23:11:08,451 - TeamsFeatures - DEBUG - Calculado adj_offensive_rating para equipo NYK
2025-05-17 23:11:08,691 - TeamsFeatures - DEBUG - Calculadas características de matchup para equipo NYK
2025-05-17 23:11:08,709 - TeamsFeatures - DEBUG - Calculado adj_offensive_rating para equipo MIL
2025-05-17 23:11:08,954 - TeamsFeatures - DEBUG - Calculadas características de matchup para equipo MIL
2025-05-17 23:11:08,973 - TeamsFeatures - DEBUG - Calculado adj_offensive_rating para equipo ORL
2025-05-17 23:11:09,238 - TeamsFeatures - DEBUG - Calculadas características de matchup para equipo ORL
2025-05-17 23:11:09,253 - TeamsFeatures - DEBUG - Calculado adj_offensive_rating para equipo GSW
2025-05-17 23:11:09,522 - TeamsFeatures - DEBUG - Calculadas características de matchup para equipo GSW
2025-05-17 23:11:09,540 - TeamsFeatures - DEBUG - Calculado adj_offensive_rating para equipo IND
2025-05-17 23:11:09,851 - TeamsFeatures - DEBUG - Calculadas características de matchup para equipo IND
2025-05-17 23:11:09,868 - TeamsFeatures - DEBUG - Calculado adj_offensive_rating para equipo HOU
2025-05-17 23:11:10,260 - TeamsFeatures - DEBUG - Calculadas características de matchup para equipo HOU
2025-05-17 23:11:10,297 - TeamsFeatures - DEBUG - Calculado adj_offensive_rating para equipo OKC
2025-05-17 23:11:10,674 - TeamsFeatures - DEBUG - Calculadas características de matchup para equipo OKC
2025-05-17 23:11:10,699 - TeamsFeatures - DEBUG - Calculado adj_offensive_rating para equipo CHO
2025-05-17 23:11:11,206 - TeamsFeatures - DEBUG - Calculadas características de matchup para equipo CHO
2025-05-17 23:11:11,236 - TeamsFeatures - DEBUG - Calculado adj_offensive_rating para equipo NOP
2025-05-17 23:11:11,720 - TeamsFeatures - DEBUG - Calculadas características de matchup para equipo NOP
2025-05-17 23:11:11,753 - TeamsFeatures - DEBUG - Calculado adj_offensive_rating para equipo WAS
2025-05-17 23:11:12,115 - TeamsFeatures - DEBUG - Calculadas características de matchup para equipo WAS
2025-05-17 23:11:12,133 - TeamsFeatures - DEBUG - Calculado adj_offensive_rating para equipo SAC
2025-05-17 23:11:12,452 - TeamsFeatures - DEBUG - Calculadas características de matchup para equipo SAC
2025-05-17 23:11:12,714 - TeamsFeatures - INFO - Características de predicción de puntos por equipo creadas
2025-05-17 23:11:12,730 - TeamsFeatures - DEBUG - Características de puntos por equipo creadas
2025-05-17 23:11:12,767 - TeamsFeatures - INFO - Creando características de interacción avanzadas
2025-05-17 23:11:13,748 - TeamsFeatures - INFO - Características de interacción avanzadas creadas
2025-05-17 23:11:13,749 - TeamsFeatures - DEBUG - Características de interacción creadas
2025-05-17 23:11:13,849 - TeamsFeatures - INFO - Creando características avanzadas de series temporales
2025-05-17 23:11:13,958 - TeamsFeatures - DEBUG - Calculado EMA y EMV para PTS
2025-05-17 23:11:14,045 - TeamsFeatures - DEBUG - Calculado EMA y EMV para PTS_Opp
2025-05-17 23:11:14,154 - TeamsFeatures - DEBUG - Calculado EMA y EMV para offensive_rating
2025-05-17 23:11:14,270 - TeamsFeatures - DEBUG - Calculado EMA y EMV para defensive_rating
2025-05-17 23:11:14,380 - TeamsFeatures - DEBUG - Calculados cambios de tendencia para PTS con ventana 3
2025-05-17 23:11:14,470 - TeamsFeatures - DEBUG - Calculados cambios de tendencia para PTS_Opp con ventana 3
2025-05-17 23:11:14,546 - TeamsFeatures - DEBUG - Calculados cambios de tendencia para PTS con ventana 5
2025-05-17 23:11:14,636 - TeamsFeatures - DEBUG - Calculados cambios de tendencia para PTS_Opp con ventana 5
2025-05-17 23:11:14,733 - TeamsFeatures - DEBUG - Calculados cambios de tendencia para PTS con ventana 10
2025-05-17 23:11:14,824 - TeamsFeatures - DEBUG - Calculados cambios de tendencia para PTS_Opp con ventana 10
2025-05-17 23:11:14,910 - TeamsFeatures - DEBUG - Calculados cambios de tendencia para PTS con ventana 20
2025-05-17 23:11:14,994 - TeamsFeatures - DEBUG - Calculados cambios de tendencia para PTS_Opp con ventana 20
2025-05-17 23:11:14,994 - TeamsFeatures - INFO - Características avanzadas de series temporales creadas
2025-05-17 23:11:14,995 - TeamsFeatures - DEBUG - Características de series temporales creadas
2025-05-17 23:11:15,104 - TeamsFeatures - INFO - Creando características basadas en oponentes
2025-05-17 23:11:24,276 - TeamsFeatures - INFO - Características de oponentes creadas
2025-05-17 23:11:24,323 - TeamsFeatures - DEBUG - Características de oponentes creadas
2025-05-17 23:11:24,352 - TeamsFeatures - INFO - Creando características para líneas de apuestas
2025-05-17 23:11:34,136 - TeamsFeatures - INFO - Creando características avanzadas para líneas de apuestas
2025-05-17 23:11:34,276 - TeamsFeatures - DEBUG - Procesando características avanzadas para 30 equipos
2025-05-17 23:11:34,277 - TeamsFeatures - DEBUG - Procesando equipo: ATL
2025-05-17 23:11:34,434 - TeamsFeatures - DEBUG - Procesando equipo: DET
2025-05-17 23:11:34,585 - TeamsFeatures - DEBUG - Procesando equipo: LAC
2025-05-17 23:11:34,756 - TeamsFeatures - DEBUG - Procesando equipo: DEN
2025-05-17 23:11:34,947 - TeamsFeatures - DEBUG - Procesando equipo: CLE
2025-05-17 23:11:35,104 - TeamsFeatures - DEBUG - Procesando equipo: TOR
2025-05-17 23:11:35,257 - TeamsFeatures - DEBUG - Procesando equipo: BRK
2025-05-17 23:11:35,394 - TeamsFeatures - DEBUG - Procesando equipo: SAS
2025-05-17 23:11:35,564 - TeamsFeatures - DEBUG - Procesando equipo: MIA
2025-05-17 23:11:35,711 - TeamsFeatures - DEBUG - Procesando equipo: PHO
2025-05-17 23:11:35,873 - TeamsFeatures - DEBUG - Procesando equipo: MEM
2025-05-17 23:11:36,031 - TeamsFeatures - DEBUG - Procesando equipo: PHI
2025-05-17 23:11:36,162 - TeamsFeatures - DEBUG - Procesando equipo: CHI
2025-05-17 23:11:36,301 - TeamsFeatures - DEBUG - Procesando equipo: MIN
2025-05-17 23:11:36,464 - TeamsFeatures - DEBUG - Procesando equipo: BOS
2025-05-17 23:11:36,599 - TeamsFeatures - DEBUG - Procesando equipo: UTA
2025-05-17 23:11:36,743 - TeamsFeatures - DEBUG - Procesando equipo: LAL
2025-05-17 23:11:36,893 - TeamsFeatures - DEBUG - Procesando equipo: POR
2025-05-17 23:11:37,033 - TeamsFeatures - DEBUG - Procesando equipo: DAL
2025-05-17 23:11:37,177 - TeamsFeatures - DEBUG - Procesando equipo: NYK
2025-05-17 23:11:37,314 - TeamsFeatures - DEBUG - Procesando equipo: MIL
2025-05-17 23:11:37,449 - TeamsFeatures - DEBUG - Procesando equipo: ORL
2025-05-17 23:11:37,578 - TeamsFeatures - DEBUG - Procesando equipo: GSW
2025-05-17 23:11:37,742 - TeamsFeatures - DEBUG - Procesando equipo: IND
2025-05-17 23:11:37,886 - TeamsFeatures - DEBUG - Procesando equipo: HOU
2025-05-17 23:11:38,032 - TeamsFeatures - DEBUG - Procesando equipo: OKC
2025-05-17 23:11:38,149 - TeamsFeatures - DEBUG - Procesando equipo: CHO
2025-05-17 23:11:38,240 - TeamsFeatures - DEBUG - Procesando equipo: NOP
2025-05-17 23:11:38,345 - TeamsFeatures - DEBUG - Procesando equipo: WAS
2025-05-17 23:11:38,464 - TeamsFeatures - DEBUG - Procesando equipo: SAC
2025-05-17 23:11:38,622 - TeamsFeatures - DEBUG - DataFrame combinado creado. Forma: (10428, 53)
2025-05-17 23:11:38,653 - TeamsFeatures - DEBUG - Realizando merge usando claves: ['Team', 'Date']
2025-05-17 23:11:39,069 - TeamsFeatures - DEBUG - Merge completado. Forma final: (20856, 1131)
2025-05-17 23:11:39,069 - TeamsFeatures - INFO - Características avanzadas para líneas de apuestas creadas
2025-05-17 23:11:39,072 - TeamsFeatures - INFO - Características para líneas de apuestas creadas
2025-05-17 23:11:39,082 - TeamsFeatures - DEBUG - Características de apuestas creadas
2025-05-17 23:11:39,276 - TeamsFeatures - INFO - Creando características de tiempo extra
2025-05-17 23:11:39,446 - TeamsFeatures - INFO - Características de tiempo extra creadas
2025-05-17 23:11:39,448 - TeamsFeatures - DEBUG - Características de tiempo extra creadas
2025-05-17 23:11:39,676 - TeamsFeatures - INFO - Manejando valores NaN. Forma antes: (20856, 1137)
2025-05-17 23:11:39,754 - TeamsFeatures - DEBUG - Índice reseteado. Forma: (20856, 1137)
2025-05-17 23:11:39,816 - TeamsFeatures - WARNING - Eliminando 2 columnas con >50% valores nulos
2025-05-17 23:11:39,817 - TeamsFeatures - DEBUG - Eliminando columna con muchos nulos: month_6_win_rate
2025-05-17 23:11:39,895 - TeamsFeatures - DEBUG - Eliminando columna con muchos nulos: month_6_avg_points
2025-05-17 23:11:39,968 - TeamsFeatures - DEBUG - Columnas con muchos nulos eliminadas. Forma: (20856, 1135)
2025-05-17 23:11:40,021 - TeamsFeatures - DEBUG - Columnas numéricas encontradas: 1130
2025-05-17 23:11:40,154 - TeamsFeatures - DEBUG - Columnas numéricas con NaN antes de rellenar: {'FT%': 4, 'FT%_Opp': 4, 'FT%_diff': 8, 'month_5_win_rate': 9272, 'month_5_avg_points': 9272, 'wins_vs_better_teams_3': 60, 'situation_wins_3': 120, 'wins_vs_better_teams_5': 60, 'situation_wins_5': 120, 'wins_vs_better_teams_10': 60, 'situation_wins_10': 120, 'wins_vs_better_teams_20': 60, 'situation_wins_20': 120}
2025-05-17 23:11:40,155 - TeamsFeatures - DEBUG - Rellenando valores NaN columna por columna
2025-05-17 23:11:40,169 - TeamsFeatures - DEBUG - Rellenando NaN en columna: FT%
2025-05-17 23:11:40,179 - TeamsFeatures - DEBUG - Rellenando NaN en columna: FT%_Opp
2025-05-17 23:11:40,193 - TeamsFeatures - DEBUG - Rellenando NaN en columna: FT%_diff
2025-05-17 23:11:40,210 - TeamsFeatures - ERROR - Error al rellenar columna win_probability: The truth value of a Series is ambiguous. Use a.empty, a.bool(), a.item(), a.any() or a.all().
2025-05-17 23:11:40,210 - TeamsFeatures - WARNING - Eliminando columna problemática: win_probability
2025-05-17 23:11:40,417 - TeamsFeatures - DEBUG - Rellenando NaN en columna: month_5_win_rate
2025-05-17 23:11:40,423 - TeamsFeatures - DEBUG - Rellenando NaN en columna: month_5_avg_points
2025-05-17 23:11:40,436 - TeamsFeatures - DEBUG - Rellenando NaN en columna: wins_vs_better_teams_3
2025-05-17 23:11:40,437 - TeamsFeatures - DEBUG - Rellenando NaN en columna: situation_wins_3
2025-05-17 23:11:40,439 - TeamsFeatures - DEBUG - Rellenando NaN en columna: wins_vs_better_teams_5
2025-05-17 23:11:40,441 - TeamsFeatures - DEBUG - Rellenando NaN en columna: situation_wins_5
2025-05-17 23:11:40,442 - TeamsFeatures - DEBUG - Rellenando NaN en columna: wins_vs_better_teams_10
2025-05-17 23:11:40,445 - TeamsFeatures - DEBUG - Rellenando NaN en columna: situation_wins_10
2025-05-17 23:11:40,446 - TeamsFeatures - DEBUG - Rellenando NaN en columna: wins_vs_better_teams_20
2025-05-17 23:11:40,449 - TeamsFeatures - DEBUG - Rellenando NaN en columna: situation_wins_20
2025-05-17 23:11:40,459 - TeamsFeatures - ERROR - Error al rellenar columna win_probability: 'win_probability'
2025-05-17 23:11:40,459 - TeamsFeatures - WARNING - Eliminando columna problemática: win_probability
2025-05-17 23:11:40,460 - TeamsFeatures - ERROR - Error al eliminar columna win_probability: "['win_probability'] not found in axis"
2025-05-17 23:11:40,542 - TeamsFeatures - DEBUG - Valores NaN en columnas numéricas rellenados
2025-05-17 23:11:40,544 - TeamsFeatures - DEBUG - Columnas no numéricas encontradas: 5
2025-05-17 23:11:40,552 - TeamsFeatures - DEBUG - Rellenando NaN en columna no numérica: Away
2025-05-17 23:11:40,558 - TeamsFeatures - DEBUG - Valores NaN en columnas no numéricas rellenados
2025-05-17 23:11:40,796 - TeamsFeatures - DEBUG - Índice reseteado nuevamente. Forma: (20856, 1133)
2025-05-17 23:11:40,798 - TeamsFeatures - INFO - Valores NaN manejados. Forma después: (20856, 1133)
2025-05-17 23:11:40,799 - TeamsFeatures - DEBUG - Iniciando análisis de correlación
2025-05-17 23:11:40,855 - TeamsFeatures - DEBUG - Columnas numéricas para análisis de correlación: 1123
2025-05-17 23:11:40,899 - TeamsFeatures - DEBUG - DataFrame original copiado. Forma: (20856, 1133)
2025-05-17 23:11:41,032 - TeamsFeatures - DEBUG - Datos numéricos extraídos. Forma: (20856, 1123)
2025-05-17 23:11:41,088 - TeamsFeatures - DEBUG - Llamando a filter_correlated_features
2025-05-17 23:11:41,088 - TeamsFeatures - INFO - Filtrando características con correlación > 0.95
2025-05-17 23:12:51,463 - TeamsFeatures - INFO - Eliminando 292 características correlacionadas de 1123 totales
2025-05-17 23:12:52,231 - TeamsFeatures - DEBUG - Datos filtrados recibidos. Forma: (20856, 831)
2025-05-17 23:12:52,244 - TeamsFeatures - DEBUG - Columnas a mantener: 10
2025-05-17 23:12:52,272 - TeamsFeatures - DEBUG - DataFrame de columnas mantenidas. Forma: (20856, 10)
2025-05-17 23:12:52,273 - TeamsFeatures - DEBUG - Agregando datos numéricos filtrados. Forma: (20856, 831)
2025-05-17 23:12:52,273 - TeamsFeatures - DEBUG - Concatenando 2 partes
2025-05-17 23:12:52,276 - TeamsFeatures - DEBUG - Parte 0: Forma (20856, 10), Índice min 0, max 20855
2025-05-17 23:12:52,276 - TeamsFeatures - DEBUG - Parte 1: Forma (20856, 831), Índice min 0, max 20855
2025-05-17 23:12:52,413 - TeamsFeatures - DEBUG - Concatenación exitosa. Forma: (20856, 841)
2025-05-17 23:12:52,423 - TeamsFeatures - DEBUG - Usando resultado filtrado. Forma: (20856, 841)
2025-05-17 23:12:52,648 - TeamsFeatures - DEBUG - DataFrame desfragmentado
2025-05-17 23:12:52,654 - TeamsFeatures - WARNING - Columnas requeridas faltantes después del procesamiento: ['win_probability']
2025-05-17 23:12:52,654 - TeamsFeatures - WARNING - Recreando columna requerida: win_probability
2025-05-17 23:12:52,678 - TeamsFeatures - INFO - Proceso de generación de características completado. DataFrame final: (20856, 842)
2025-05-17 23:12:52,679 - TeamsFeatures - INFO - Realizando verificación final para columnas de desviación estándar...
2025-05-17 23:12:52,747 - TeamsFeatures - INFO - Realizando verificación final para columnas de tendencia...
2025-05-17 23:12:52,785 - TeamsFeatures - INFO - Realizando verificación final para columnas de volatilidad...
2025-05-17 23:12:52,790 - TeamsFeatures - INFO - Realizando verificación final para columnas de victorias contra tipos de equipos...
2025-05-17 23:12:52,797 - TeamsFeatures - INFO - Realizando verificación final para columnas de consistencia...
2025-05-17 23:12:52,811 - TeamsFeatures - INFO - Realizando verificación final para columnas de racha...
2025-05-17 23:12:52,830 - TeamsFeatures - INFO - Realizando verificación final para características relacionadas con días de descanso...
2025-05-17 23:12:52,926 - DataLoader - INFO - Validando y ajustando características...
2025-05-17 23:12:52,927 - FeatureEngineering - INFO - Validando características generadas
2025-05-17 23:12:52,931 - DataLoader - INFO - Validando características generadas
2025-05-17 23:12:53,169 - DataLoader - WARNING - Se encontraron 20856 filas duplicadas por equipo y fecha
2025-05-17 23:12:53,226 - DataLoader - WARNING - Se eliminaron 20856 duplicados. Shape resultante: (5214, 842)
2025-05-17 23:12:53,324 - DataLoader - INFO - Ordenando DataFrame por equipo y fecha
2025-05-17 23:12:53,450 - DataLoader - INFO - Ordenamiento por equipo y fecha exitoso
2025-05-17 23:12:53,451 - DataLoader - INFO - Validación completada exitosamente
2025-05-17 23:12:53,452 - FeatureEngineering - INFO - Características generadas: 842
2025-05-17 23:12:53,452 - FeatureEngineering - INFO - Registros finales: 5214
2025-05-17 23:13:02,752 - DataLoader - INFO - Características guardadas en data\processed\teams_features.csv
2025-05-17 23:13:02,762 - FeatureEngineering - INFO - Características guardadas en data\processed\teams_features.csv
2025-05-17 23:13:02,871 - DataLoader - INFO - Metadata guardada en data\processed\teams_features_metadata.json
2025-05-17 23:13:02,872 - FeatureEngineering - INFO - Metadata guardada en data\processed\teams_features_metadata.json
2025-05-17 23:13:03,123 - DataLoader - INFO - Datos finales ordenados por equipo y fecha
2025-05-17 23:13:03,124 - DataLoader - INFO - Procesamiento completado. Shape final: (5214, 842)
2025-05-17 23:13:03,138 - DataLoader - INFO - Número total de características numéricas: 837
2025-05-17 23:13:03,141 - DataLoader - INFO - 
Estadísticas básicas de algunas características importantes:
2025-05-17 23:13:03,790 - DataLoader - INFO - 
               PTS      PTS_Opp  total_points  win_probability
count  5214.000000  5214.000000   5214.000000           5214.0
mean    113.599156   113.599156    227.198312              0.5
std      12.868517    12.868517     20.192156              0.0
min      67.000000    67.000000    152.000000              0.5
25%     105.000000   105.000000    213.000000              0.5
50%     113.000000   113.000000    227.000000              0.5
75%     122.000000   122.000000    240.000000              0.5
max     162.000000   162.000000    309.000000              0.5
2025-05-17 23:13:03,793 - DataLoader - INFO - Tiempo total de ejecución: 509.05 segundos
